<?xml version="1.0" encoding="UTF-8"?>
<!-- Generated by org.testng.reporters.JUnitXMLReporter -->
<testsuite ignored="0" hostname="DESKTOP-N9QFJ52" failures="0" tests="3" name="Test" time="2.159" errors="0" timestamp="2021-12-06T12:49:50 IST">
  <testcase classname="myHooks.WritingData" name="enterDataInPropertyFile" time="0.073"/>
  <testcase classname="io.cucumber.testng.AbstractTestNGCucumberTests" name="runScenario" time="0.503"/>
  <testcase classname="io.cucumber.testng.AbstractTestNGCucumberTests" name="runScenario" time="0.025"/>
</testsuite> <!-- Test -->
