<?xml version="1.0" encoding="UTF-8"?>
<!-- Generated by org.testng.reporters.JUnitXMLReporter -->
<testsuite ignored="0" hostname="DESKTOP-N9QFJ52" failures="0" tests="3" name="Test" time="12.675" errors="0" timestamp="2021-12-06T15:13:54 IST">
  <testcase classname="myHooks.WritingData" name="enterDataInPropertyFile" time="0.011"/>
  <testcase classname="io.cucumber.testng.AbstractTestNGCucumberTests" name="runScenario" time="7.856"/>
  <testcase classname="io.cucumber.testng.AbstractTestNGCucumberTests" name="runScenario" time="4.157"/>
</testsuite> <!-- Test -->
