<?xml version="1.0" encoding="UTF-8"?>
<!-- Generated by org.testng.reporters.JUnitXMLReporter -->
<testsuite ignored="0" hostname="DESKTOP-N9QFJ52" failures="0" tests="4" name="Test" time="49.634" errors="0" timestamp="2021-12-07T13:11:35 IST">
  <testcase classname="myHooks.WritingData" name="enterDataInPropertyFile" time="0.015"/>
  <testcase classname="io.cucumber.testng.AbstractTestNGCucumberTests" name="runScenario" time="22.881"/>
  <testcase classname="io.cucumber.testng.AbstractTestNGCucumberTests" name="runScenario" time="10.899"/>
  <testcase classname="io.cucumber.testng.AbstractTestNGCucumberTests" name="runScenario" time="15.181"/>
</testsuite> <!-- Test -->
