<?xml version="1.0" encoding="UTF-8"?>
<testng-results ignored="0" total="3" passed="3" failed="0" skipped="0">
  <reporter-output>
  </reporter-output>
  <suite started-at="2021-12-06T15:13:41 IST" name="Suite" finished-at="2021-12-06T15:13:54 IST" duration-ms="12675">
    <groups>
      <group name="cucumber">
        <method signature="AbstractTestNGCucumberTests.runScenario(io.cucumber.testng.PickleWrapper,io.cucumber.testng.FeatureWrapper)[pri:0, instance:testRuns.TestRunner1@d9345cd]" name="runScenario" class="io.cucumber.testng.AbstractTestNGCucumberTests"/>
      </group> <!-- cucumber -->
    </groups>
    <test started-at="2021-12-06T15:13:41 IST" name="Test" finished-at="2021-12-06T15:13:54 IST" duration-ms="12675">
      <class name="myHooks.WritingData">
        <test-method signature="enterDataInPropertyFile(java.lang.String,java.lang.String)[pri:0, instance:myHooks.WritingData@1b2abca6]" started-at="2021-12-06T15:13:41 IST" name="enterDataInPropertyFile" finished-at="2021-12-06T15:13:41 IST" duration-ms="11" status="PASS">
          <params>
            <param index="0">
              <value>
                <![CDATA[chrome]]>
              </value>
            </param>
            <param index="1">
              <value>
                <![CDATA[https://crossbrowsertesting.github.io/]]>
              </value>
            </param>
          </params>
          <reporter-output>
          </reporter-output>
        </test-method> <!-- enterDataInPropertyFile -->
      </class> <!-- myHooks.WritingData -->
      <class name="testRuns.TestRunner1">
        <test-method is-config="true" signature="setUpClass(org.testng.ITestContext)[pri:0, instance:testRuns.TestRunner1@d9345cd]" started-at="2021-12-06T15:13:41 IST" name="setUpClass" finished-at="2021-12-06T15:13:42 IST" duration-ms="523" status="PASS">
          <params>
            <param index="0">
              <value>
                <![CDATA[org.testng.TestRunner@56f730b2]]>
              </value>
            </param>
          </params>
          <reporter-output>
          </reporter-output>
        </test-method> <!-- setUpClass -->
        <test-method signature="runScenario(io.cucumber.testng.PickleWrapper,io.cucumber.testng.FeatureWrapper)[pri:0, instance:testRuns.TestRunner1@d9345cd]" started-at="2021-12-06T15:13:42 IST" name="runScenario" description="Runs Cucumber Scenarios" data-provider="scenarios" finished-at="2021-12-06T15:13:50 IST" duration-ms="7856" status="PASS">
          <params>
            <param index="0">
              <value>
                <![CDATA["scenario1"]]>
              </value>
            </param>
            <param index="1">
              <value>
                <![CDATA["Optional[feature1]"]]>
              </value>
            </param>
          </params>
          <reporter-output>
          </reporter-output>
        </test-method> <!-- runScenario -->
        <test-method signature="runScenario(io.cucumber.testng.PickleWrapper,io.cucumber.testng.FeatureWrapper)[pri:0, instance:testRuns.TestRunner1@d9345cd]" started-at="2021-12-06T15:13:50 IST" name="runScenario" description="Runs Cucumber Scenarios" data-provider="scenarios" finished-at="2021-12-06T15:13:54 IST" duration-ms="4157" status="PASS">
          <params>
            <param index="0">
              <value>
                <![CDATA["scenario1"]]>
              </value>
            </param>
            <param index="1">
              <value>
                <![CDATA["Optional[frature2]"]]>
              </value>
            </param>
          </params>
          <reporter-output>
          </reporter-output>
        </test-method> <!-- runScenario -->
        <test-method is-config="true" signature="tearDownClass()[pri:0, instance:testRuns.TestRunner1@d9345cd]" started-at="2021-12-06T15:13:54 IST" name="tearDownClass" finished-at="2021-12-06T15:13:54 IST" duration-ms="38" status="PASS">
          <reporter-output>
          </reporter-output>
        </test-method> <!-- tearDownClass -->
      </class> <!-- testRuns.TestRunner1 -->
    </test> <!-- Test -->
  </suite> <!-- Suite -->
</testng-results>
