<?xml version="1.0" encoding="UTF-8"?>
<testng-results ignored="0" total="5" passed="4" failed="1" skipped="0">
  <reporter-output>
  </reporter-output>
  <suite started-at="2021-12-08T13:32:29 IST" name="Suite" finished-at="2021-12-08T13:34:23 IST" duration-ms="114419">
    <groups>
      <group name="cucumber">
        <method signature="AbstractTestNGCucumberTests.runScenario(io.cucumber.testng.PickleWrapper,io.cucumber.testng.FeatureWrapper)[pri:0, instance:testRuns.TestRunner1@2a7f1f10]" name="runScenario" class="io.cucumber.testng.AbstractTestNGCucumberTests"/>
      </group> <!-- cucumber -->
    </groups>
    <test started-at="2021-12-08T13:32:29 IST" name="Test" finished-at="2021-12-08T13:34:23 IST" duration-ms="114419">
      <class name="myHooks.WritingData">
        <test-method signature="enterDataInPropertyFile(java.lang.String,java.lang.String)[pri:0, instance:myHooks.WritingData@272113c4]" started-at="2021-12-08T13:32:29 IST" name="enterDataInPropertyFile" finished-at="2021-12-08T13:32:29 IST" duration-ms="16" status="PASS">
          <params>
            <param index="0">
              <value>
                <![CDATA[chrome]]>
              </value>
            </param>
            <param index="1">
              <value>
                <![CDATA[https://crossbrowsertesting.github.io/]]>
              </value>
            </param>
          </params>
          <reporter-output>
          </reporter-output>
        </test-method> <!-- enterDataInPropertyFile -->
      </class> <!-- myHooks.WritingData -->
      <class name="testRuns.TestRunner1">
        <test-method is-config="true" signature="setUpClass(org.testng.ITestContext)[pri:0, instance:testRuns.TestRunner1@2a7f1f10]" started-at="2021-12-08T13:32:29 IST" name="setUpClass" finished-at="2021-12-08T13:32:30 IST" duration-ms="753" status="PASS">
          <params>
            <param index="0">
              <value>
                <![CDATA[org.testng.TestRunner@70b6db83]]>
              </value>
            </param>
          </params>
          <reporter-output>
          </reporter-output>
        </test-method> <!-- setUpClass -->
        <test-method signature="runScenario(io.cucumber.testng.PickleWrapper,io.cucumber.testng.FeatureWrapper)[pri:0, instance:testRuns.TestRunner1@2a7f1f10]" started-at="2021-12-08T13:32:30 IST" name="runScenario" description="Runs Cucumber Scenarios" data-provider="scenarios" finished-at="2021-12-08T13:33:10 IST" duration-ms="39933" status="PASS">
          <params>
            <param index="0">
              <value>
                <![CDATA["scenario1"]]>
              </value>
            </param>
            <param index="1">
              <value>
                <![CDATA["Optional[feature1]"]]>
              </value>
            </param>
          </params>
          <reporter-output>
          </reporter-output>
        </test-method> <!-- runScenario -->
        <test-method signature="runScenario(io.cucumber.testng.PickleWrapper,io.cucumber.testng.FeatureWrapper)[pri:0, instance:testRuns.TestRunner1@2a7f1f10]" started-at="2021-12-08T13:33:10 IST" name="runScenario" description="Runs Cucumber Scenarios" data-provider="scenarios" finished-at="2021-12-08T13:33:38 IST" duration-ms="27846" status="PASS">
          <params>
            <param index="0">
              <value>
                <![CDATA["scenario1"]]>
              </value>
            </param>
            <param index="1">
              <value>
                <![CDATA["Optional[feature1]"]]>
              </value>
            </param>
          </params>
          <reporter-output>
          </reporter-output>
        </test-method> <!-- runScenario -->
        <test-method signature="runScenario(io.cucumber.testng.PickleWrapper,io.cucumber.testng.FeatureWrapper)[pri:0, instance:testRuns.TestRunner1@2a7f1f10]" started-at="2021-12-08T13:33:38 IST" name="runScenario" description="Runs Cucumber Scenarios" data-provider="scenarios" finished-at="2021-12-08T13:34:07 IST" duration-ms="29373" status="PASS">
          <params>
            <param index="0">
              <value>
                <![CDATA["scenario1"]]>
              </value>
            </param>
            <param index="1">
              <value>
                <![CDATA["Optional[feature1]"]]>
              </value>
            </param>
          </params>
          <reporter-output>
          </reporter-output>
        </test-method> <!-- runScenario -->
        <test-method signature="runScenario(io.cucumber.testng.PickleWrapper,io.cucumber.testng.FeatureWrapper)[pri:0, instance:testRuns.TestRunner1@2a7f1f10]" started-at="2021-12-08T13:34:07 IST" name="runScenario" description="Runs Cucumber Scenarios" data-provider="scenarios" finished-at="2021-12-08T13:34:23 IST" duration-ms="16333" status="FAIL">
          <params>
            <param index="0">
              <value>
                <![CDATA["scenario1"]]>
              </value>
            </param>
            <param index="1">
              <value>
                <![CDATA["Optional[feature2]"]]>
              </value>
            </param>
          </params>
          <exception class="org.openqa.selenium.NoSuchSessionException">
            <message>
              <![CDATA[Session ID is null. Using WebDriver after calling quit()?
Build info: version: '4.1.0', revision: '87802e897b'
System info: host: 'DESKTOP-N9QFJ52', ip: '192.168.43.115', os.name: 'Windows 10', os.arch: 'amd64', os.version: '10.0', java.version: '17'
Driver info: org.openqa.selenium.chrome.ChromeDriver
Command: [null, findElement {using=xpath, value=//select[@id='dropdown']}]
Capabilities {acceptInsecureCerts: false, browserName: chrome, browserVersion: 96.0.4664.93, chrome: {chromedriverVersion: 96.0.4664.45 (76e4c1bb2ab46..., userDataDir: C:\Users\ignite\AppData\Loc...}, goog:chromeOptions: {debuggerAddress: localhost:65126}, javascriptEnabled: true, networkConnectionEnabled: false, pageLoadStrategy: normal, platform: WINDOWS, platformName: WINDOWS, proxy: Proxy(), se:cdp: ws://localhost:65126/devtoo..., se:cdpVersion: 96.0.4664.93, setWindowRect: true, strictFileInteractability: false, timeouts: {implicit: 0, pageLoad: 300000, script: 30000}, unhandledPromptBehavior: dismiss and notify, webauthn:extension:credBlob: true, webauthn:extension:largeBlob: true, webauthn:virtualAuthenticators: true}]]>
            </message>
            <full-stacktrace>
              <![CDATA[org.openqa.selenium.NoSuchSessionException: Session ID is null. Using WebDriver after calling quit()?
Build info: version: '4.1.0', revision: '87802e897b'
System info: host: 'DESKTOP-N9QFJ52', ip: '192.168.43.115', os.name: 'Windows 10', os.arch: 'amd64', os.version: '10.0', java.version: '17'
Driver info: org.openqa.selenium.chrome.ChromeDriver
Command: [null, findElement {using=xpath, value=//select[@id='dropdown']}]
Capabilities {acceptInsecureCerts: false, browserName: chrome, browserVersion: 96.0.4664.93, chrome: {chromedriverVersion: 96.0.4664.45 (76e4c1bb2ab46..., userDataDir: C:\Users\ignite\AppData\Loc...}, goog:chromeOptions: {debuggerAddress: localhost:65126}, javascriptEnabled: true, networkConnectionEnabled: false, pageLoadStrategy: normal, platform: WINDOWS, platformName: WINDOWS, proxy: Proxy(), se:cdp: ws://localhost:65126/devtoo..., se:cdpVersion: 96.0.4664.93, setWindowRect: true, strictFileInteractability: false, timeouts: {implicit: 0, pageLoad: 300000, script: 30000}, unhandledPromptBehavior: dismiss and notify, webauthn:extension:credBlob: true, webauthn:extension:largeBlob: true, webauthn:virtualAuthenticators: true}
at org.openqa.selenium.remote.HttpCommandExecutor.execute(HttpCommandExecutor.java:145)
at org.openqa.selenium.remote.service.DriverCommandExecutor.invokeExecute(DriverCommandExecutor.java:164)
at org.openqa.selenium.remote.service.DriverCommandExecutor.execute(DriverCommandExecutor.java:139)
at org.openqa.selenium.remote.RemoteWebDriver.execute(RemoteWebDriver.java:559)
at org.openqa.selenium.remote.ElementLocation$ElementFinder$2.findElement(ElementLocation.java:162)
at org.openqa.selenium.remote.ElementLocation.findElement(ElementLocation.java:60)
at org.openqa.selenium.remote.RemoteWebDriver.findElement(RemoteWebDriver.java:383)
at org.openqa.selenium.remote.RemoteWebDriver.findElement(RemoteWebDriver.java:375)
at org.openqa.selenium.support.pagefactory.DefaultElementLocator.findElement(DefaultElementLocator.java:70)
at org.openqa.selenium.support.pagefactory.internal.LocatingElementHandler.invoke(LocatingElementHandler.java:39)
at jdk.proxy2/jdk.proxy2.$Proxy29.getTagName(Unknown Source)
at org.openqa.selenium.support.ui.Select.<init>(Select.java:46)
at util.CommonMethods.select_Options(CommonMethods.java:83)
at pages.SeleniumExamplePage.select_Options(SeleniumExamplePage.java:45)
at stepDefinations.StepDefination.user_check_the_list_box(StepDefination.java:27)
at ✽.user check the list box(file:///C:/Users/ignite/git/mavenproject/src/test/resources/features/feature2.feature:6)
]]>
            </full-stacktrace>
          </exception> <!-- org.openqa.selenium.NoSuchSessionException -->
          <reporter-output>
          </reporter-output>
        </test-method> <!-- runScenario -->
        <test-method is-config="true" signature="tearDownClass()[pri:0, instance:testRuns.TestRunner1@2a7f1f10]" started-at="2021-12-08T13:34:23 IST" name="tearDownClass" finished-at="2021-12-08T13:34:23 IST" duration-ms="51" status="PASS">
          <reporter-output>
          </reporter-output>
        </test-method> <!-- tearDownClass -->
      </class> <!-- testRuns.TestRunner1 -->
    </test> <!-- Test -->
  </suite> <!-- Suite -->
</testng-results>
