<?xml version="1.0" encoding="UTF-8"?>
<testng-results ignored="0" total="3" passed="3" failed="0" skipped="0">
  <reporter-output>
  </reporter-output>
  <suite started-at="2021-12-05T14:30:20 IST" name="Suite" finished-at="2021-12-05T14:30:20 IST" duration-ms="781">
    <groups>
      <group name="cucumber">
        <method signature="AbstractTestNGCucumberTests.runScenario(io.cucumber.testng.PickleWrapper,io.cucumber.testng.FeatureWrapper)[pri:0, instance:testRuns.TestRunner1@20140db9]" name="runScenario" class="io.cucumber.testng.AbstractTestNGCucumberTests"/>
      </group> <!-- cucumber -->
    </groups>
    <test started-at="2021-12-05T14:30:20 IST" name="Test" finished-at="2021-12-05T14:30:20 IST" duration-ms="781">
      <class name="myHooks.WritingData">
        <test-method signature="enterDataInPropertyFile(java.lang.String,java.lang.String)[pri:0, instance:myHooks.WritingData@4c1909a3]" started-at="2021-12-05T14:30:20 IST" name="enterDataInPropertyFile" finished-at="2021-12-05T14:30:20 IST" duration-ms="13" status="PASS">
          <params>
            <param index="0">
              <value>
                <![CDATA[chrome]]>
              </value>
            </param>
            <param index="1">
              <value>
                <![CDATA[https://crossbrowsertesting.github.io/]]>
              </value>
            </param>
          </params>
          <reporter-output>
          </reporter-output>
        </test-method> <!-- enterDataInPropertyFile -->
      </class> <!-- myHooks.WritingData -->
      <class name="testRuns.TestRunner1">
        <test-method is-config="true" signature="setUpClass(org.testng.ITestContext)[pri:0, instance:testRuns.TestRunner1@20140db9]" started-at="2021-12-05T14:30:20 IST" name="setUpClass" finished-at="2021-12-05T14:30:20 IST" duration-ms="450" status="PASS">
          <params>
            <param index="0">
              <value>
                <![CDATA[org.testng.TestRunner@5827af16]]>
              </value>
            </param>
          </params>
          <reporter-output>
          </reporter-output>
        </test-method> <!-- setUpClass -->
        <test-method signature="runScenario(io.cucumber.testng.PickleWrapper,io.cucumber.testng.FeatureWrapper)[pri:0, instance:testRuns.TestRunner1@20140db9]" started-at="2021-12-05T14:30:20 IST" name="runScenario" description="Runs Cucumber Scenarios" data-provider="scenarios" finished-at="2021-12-05T14:30:20 IST" duration-ms="216" status="PASS">
          <params>
            <param index="0">
              <value>
                <![CDATA["scenario1"]]>
              </value>
            </param>
            <param index="1">
              <value>
                <![CDATA["Optional[feature1]"]]>
              </value>
            </param>
          </params>
          <reporter-output>
          </reporter-output>
        </test-method> <!-- runScenario -->
        <test-method signature="runScenario(io.cucumber.testng.PickleWrapper,io.cucumber.testng.FeatureWrapper)[pri:0, instance:testRuns.TestRunner1@20140db9]" started-at="2021-12-05T14:30:20 IST" name="runScenario" description="Runs Cucumber Scenarios" data-provider="scenarios" finished-at="2021-12-05T14:30:20 IST" duration-ms="15" status="PASS">
          <params>
            <param index="0">
              <value>
                <![CDATA["scenario1"]]>
              </value>
            </param>
            <param index="1">
              <value>
                <![CDATA["Optional[frature2]"]]>
              </value>
            </param>
          </params>
          <reporter-output>
          </reporter-output>
        </test-method> <!-- runScenario -->
        <test-method is-config="true" signature="tearDownClass()[pri:0, instance:testRuns.TestRunner1@20140db9]" started-at="2021-12-05T14:30:20 IST" name="tearDownClass" finished-at="2021-12-05T14:30:20 IST" duration-ms="14" status="PASS">
          <reporter-output>
          </reporter-output>
        </test-method> <!-- tearDownClass -->
      </class> <!-- testRuns.TestRunner1 -->
    </test> <!-- Test -->
  </suite> <!-- Suite -->
</testng-results>
